arm-linux-androideabi-gcc -D_FORTIFY_SOURCE=2 -D_GNU_SOURCE -D_FILE_OFFSET_BITS=64 -D_LARGEFILE_SOURCE -Wstrict-prototypes -Wredundant-decls -Wall -Wundef -Wwrite-strings -Wmissing-prototypes -fno-strict-aliasing -c -o /tmp/qemu-conf-19245-3863-4075.o /tmp/qemu-conf-27347-3863-31809.c
arm-linux-androideabi-gcc -D_FORTIFY_SOURCE=2 -D_GNU_SOURCE -D_FILE_OFFSET_BITS=64 -D_LARGEFILE_SOURCE -Wstrict-prototypes -Wredundant-decls -Wall -Wundef -Wwrite-strings -Wmissing-prototypes -fno-strict-aliasing -c -o /tmp/qemu-conf-19245-3863-4075.o /tmp/qemu-conf-27347-3863-31809.c
/tmp/qemu-conf-27347-3863-31809.c: In function 'main':
/tmp/qemu-conf-27347-3863-31809.c:1:1: warning: control reaches end of non-void function [-Wreturn-type]
 int main(void) {}
 ^
arm-linux-androideabi-gcc -D_FORTIFY_SOURCE=2 -D_GNU_SOURCE -D_FILE_OFFSET_BITS=64 -D_LARGEFILE_SOURCE -Wstrict-prototypes -Wredundant-decls -Wall -Wundef -Wwrite-strings -Wmissing-prototypes -fno-strict-aliasing -Werror -D_FORTIFY_SOURCE=2 -D_GNU_SOURCE -D_FILE_OFFSET_BITS=64 -D_LARGEFILE_SOURCE -Wstrict-prototypes -Wredundant-decls -Wall -Wundef -Wwrite-strings -Wmissing-prototypes -fno-strict-aliasing -o /tmp/qemu-conf-6055-3863-1502.exe /tmp/qemu-conf-27347-3863-31809.c -g --sysroot=/home/nathan/android/adt/ndk/platforms/android-5/arch-arm -L/home/nathan/android/adt/ndk/platforms/android-5/arch-arm/usr/lib -lz -llog -lc -lm -L/home/nathan/SDL-1.2.15/Inst/lib -l:libSDL.a -Werror -fstack-protector-all
arm-linux-androideabi-gcc -D_FORTIFY_SOURCE=2 -D_GNU_SOURCE -D_FILE_OFFSET_BITS=64 -D_LARGEFILE_SOURCE -Wstrict-prototypes -Wredundant-decls -Wall -Wundef -Wwrite-strings -Wmissing-prototypes -fno-strict-aliasing -fstack-protector-all -Werror -D_FORTIFY_SOURCE=2 -D_GNU_SOURCE -D_FILE_OFFSET_BITS=64 -D_LARGEFILE_SOURCE -Wstrict-prototypes -Wredundant-decls -Wall -Wundef -Wwrite-strings -Wmissing-prototypes -fno-strict-aliasing -fstack-protector-all -o /tmp/qemu-conf-6055-3863-1502.exe /tmp/qemu-conf-27347-3863-31809.c -g --sysroot=/home/nathan/android/adt/ndk/platforms/android-5/arch-arm -L/home/nathan/android/adt/ndk/platforms/android-5/arch-arm/usr/lib -lz -llog -lc -lm -L/home/nathan/SDL-1.2.15/Inst/lib -l:libSDL.a -Werror -Wendif-labels
arm-linux-androideabi-gcc -D_FORTIFY_SOURCE=2 -D_GNU_SOURCE -D_FILE_OFFSET_BITS=64 -D_LARGEFILE_SOURCE -Wstrict-prototypes -Wredundant-decls -Wall -Wundef -Wwrite-strings -Wmissing-prototypes -fno-strict-aliasing -fstack-protector-all -Wendif-labels -Werror -D_FORTIFY_SOURCE=2 -D_GNU_SOURCE -D_FILE_OFFSET_BITS=64 -D_LARGEFILE_SOURCE -Wstrict-prototypes -Wredundant-decls -Wall -Wundef -Wwrite-strings -Wmissing-prototypes -fno-strict-aliasing -fstack-protector-all -Wendif-labels -o /tmp/qemu-conf-6055-3863-1502.exe /tmp/qemu-conf-27347-3863-31809.c -g --sysroot=/home/nathan/android/adt/ndk/platforms/android-5/arch-arm -L/home/nathan/android/adt/ndk/platforms/android-5/arch-arm/usr/lib -lz -llog -lc -lm -L/home/nathan/SDL-1.2.15/Inst/lib -l:libSDL.a -Werror -Wmissing-include-dirs
arm-linux-androideabi-gcc -D_FORTIFY_SOURCE=2 -D_GNU_SOURCE -D_FILE_OFFSET_BITS=64 -D_LARGEFILE_SOURCE -Wstrict-prototypes -Wredundant-decls -Wall -Wundef -Wwrite-strings -Wmissing-prototypes -fno-strict-aliasing -fstack-protector-all -Wendif-labels -Wmissing-include-dirs -Werror -D_FORTIFY_SOURCE=2 -D_GNU_SOURCE -D_FILE_OFFSET_BITS=64 -D_LARGEFILE_SOURCE -Wstrict-prototypes -Wredundant-decls -Wall -Wundef -Wwrite-strings -Wmissing-prototypes -fno-strict-aliasing -fstack-protector-all -Wendif-labels -Wmissing-include-dirs -o /tmp/qemu-conf-6055-3863-1502.exe /tmp/qemu-conf-27347-3863-31809.c -g --sysroot=/home/nathan/android/adt/ndk/platforms/android-5/arch-arm -L/home/nathan/android/adt/ndk/platforms/android-5/arch-arm/usr/lib -lz -llog -lc -lm -L/home/nathan/SDL-1.2.15/Inst/lib -l:libSDL.a -Werror -Wempty-body
arm-linux-androideabi-gcc -D_FORTIFY_SOURCE=2 -D_GNU_SOURCE -D_FILE_OFFSET_BITS=64 -D_LARGEFILE_SOURCE -Wstrict-prototypes -Wredundant-decls -Wall -Wundef -Wwrite-strings -Wmissing-prototypes -fno-strict-aliasing -fstack-protector-all -Wendif-labels -Wmissing-include-dirs -Wempty-body -Werror -D_FORTIFY_SOURCE=2 -D_GNU_SOURCE -D_FILE_OFFSET_BITS=64 -D_LARGEFILE_SOURCE -Wstrict-prototypes -Wredundant-decls -Wall -Wundef -Wwrite-strings -Wmissing-prototypes -fno-strict-aliasing -fstack-protector-all -Wendif-labels -Wmissing-include-dirs -Wempty-body -o /tmp/qemu-conf-6055-3863-1502.exe /tmp/qemu-conf-27347-3863-31809.c -g --sysroot=/home/nathan/android/adt/ndk/platforms/android-5/arch-arm -L/home/nathan/android/adt/ndk/platforms/android-5/arch-arm/usr/lib -lz -llog -lc -lm -L/home/nathan/SDL-1.2.15/Inst/lib -l:libSDL.a -Werror -Wnested-externs
arm-linux-androideabi-gcc -D_FORTIFY_SOURCE=2 -D_GNU_SOURCE -D_FILE_OFFSET_BITS=64 -D_LARGEFILE_SOURCE -Wstrict-prototypes -Wredundant-decls -Wall -Wundef -Wwrite-strings -Wmissing-prototypes -fno-strict-aliasing -fstack-protector-all -Wendif-labels -Wmissing-include-dirs -Wempty-body -Wnested-externs -Werror -D_FORTIFY_SOURCE=2 -D_GNU_SOURCE -D_FILE_OFFSET_BITS=64 -D_LARGEFILE_SOURCE -Wstrict-prototypes -Wredundant-decls -Wall -Wundef -Wwrite-strings -Wmissing-prototypes -fno-strict-aliasing -fstack-protector-all -Wendif-labels -Wmissing-include-dirs -Wempty-body -Wnested-externs -o /tmp/qemu-conf-6055-3863-1502.exe /tmp/qemu-conf-27347-3863-31809.c -g --sysroot=/home/nathan/android/adt/ndk/platforms/android-5/arch-arm -L/home/nathan/android/adt/ndk/platforms/android-5/arch-arm/usr/lib -lz -llog -lc -lm -L/home/nathan/SDL-1.2.15/Inst/lib -l:libSDL.a -Werror -Wformat-security
arm-linux-androideabi-gcc -D_FORTIFY_SOURCE=2 -D_GNU_SOURCE -D_FILE_OFFSET_BITS=64 -D_LARGEFILE_SOURCE -Wstrict-prototypes -Wredundant-decls -Wall -Wundef -Wwrite-strings -Wmissing-prototypes -fno-strict-aliasing -fstack-protector-all -Wendif-labels -Wmissing-include-dirs -Wempty-body -Wnested-externs -Wformat-security -Werror -D_FORTIFY_SOURCE=2 -D_GNU_SOURCE -D_FILE_OFFSET_BITS=64 -D_LARGEFILE_SOURCE -Wstrict-prototypes -Wredundant-decls -Wall -Wundef -Wwrite-strings -Wmissing-prototypes -fno-strict-aliasing -fstack-protector-all -Wendif-labels -Wmissing-include-dirs -Wempty-body -Wnested-externs -Wformat-security -o /tmp/qemu-conf-6055-3863-1502.exe /tmp/qemu-conf-27347-3863-31809.c -g --sysroot=/home/nathan/android/adt/ndk/platforms/android-5/arch-arm -L/home/nathan/android/adt/ndk/platforms/android-5/arch-arm/usr/lib -lz -llog -lc -lm -L/home/nathan/SDL-1.2.15/Inst/lib -l:libSDL.a -Werror -Wformat-y2k
arm-linux-androideabi-gcc -D_FORTIFY_SOURCE=2 -D_GNU_SOURCE -D_FILE_OFFSET_BITS=64 -D_LARGEFILE_SOURCE -Wstrict-prototypes -Wredundant-decls -Wall -Wundef -Wwrite-strings -Wmissing-prototypes -fno-strict-aliasing -fstack-protector-all -Wendif-labels -Wmissing-include-dirs -Wempty-body -Wnested-externs -Wformat-security -Wformat-y2k -Werror -D_FORTIFY_SOURCE=2 -D_GNU_SOURCE -D_FILE_OFFSET_BITS=64 -D_LARGEFILE_SOURCE -Wstrict-prototypes -Wredundant-decls -Wall -Wundef -Wwrite-strings -Wmissing-prototypes -fno-strict-aliasing -fstack-protector-all -Wendif-labels -Wmissing-include-dirs -Wempty-body -Wnested-externs -Wformat-security -Wformat-y2k -o /tmp/qemu-conf-6055-3863-1502.exe /tmp/qemu-conf-27347-3863-31809.c -g --sysroot=/home/nathan/android/adt/ndk/platforms/android-5/arch-arm -L/home/nathan/android/adt/ndk/platforms/android-5/arch-arm/usr/lib -lz -llog -lc -lm -L/home/nathan/SDL-1.2.15/Inst/lib -l:libSDL.a -Werror -Winit-self
arm-linux-androideabi-gcc -D_FORTIFY_SOURCE=2 -D_GNU_SOURCE -D_FILE_OFFSET_BITS=64 -D_LARGEFILE_SOURCE -Wstrict-prototypes -Wredundant-decls -Wall -Wundef -Wwrite-strings -Wmissing-prototypes -fno-strict-aliasing -fstack-protector-all -Wendif-labels -Wmissing-include-dirs -Wempty-body -Wnested-externs -Wformat-security -Wformat-y2k -Winit-self -Werror -D_FORTIFY_SOURCE=2 -D_GNU_SOURCE -D_FILE_OFFSET_BITS=64 -D_LARGEFILE_SOURCE -Wstrict-prototypes -Wredundant-decls -Wall -Wundef -Wwrite-strings -Wmissing-prototypes -fno-strict-aliasing -fstack-protector-all -Wendif-labels -Wmissing-include-dirs -Wempty-body -Wnested-externs -Wformat-security -Wformat-y2k -Winit-self -o /tmp/qemu-conf-6055-3863-1502.exe /tmp/qemu-conf-27347-3863-31809.c -g --sysroot=/home/nathan/android/adt/ndk/platforms/android-5/arch-arm -L/home/nathan/android/adt/ndk/platforms/android-5/arch-arm/usr/lib -lz -llog -lc -lm -L/home/nathan/SDL-1.2.15/Inst/lib -l:libSDL.a -Werror -Wignored-qualifiers
arm-linux-androideabi-gcc -D_FORTIFY_SOURCE=2 -D_GNU_SOURCE -D_FILE_OFFSET_BITS=64 -D_LARGEFILE_SOURCE -Wstrict-prototypes -Wredundant-decls -Wall -Wundef -Wwrite-strings -Wmissing-prototypes -fno-strict-aliasing -fstack-protector-all -Wendif-labels -Wmissing-include-dirs -Wempty-body -Wnested-externs -Wformat-security -Wformat-y2k -Winit-self -Wignored-qualifiers -Werror -D_FORTIFY_SOURCE=2 -D_GNU_SOURCE -D_FILE_OFFSET_BITS=64 -D_LARGEFILE_SOURCE -Wstrict-prototypes -Wredundant-decls -Wall -Wundef -Wwrite-strings -Wmissing-prototypes -fno-strict-aliasing -fstack-protector-all -Wendif-labels -Wmissing-include-dirs -Wempty-body -Wnested-externs -Wformat-security -Wformat-y2k -Winit-self -Wignored-qualifiers -o /tmp/qemu-conf-6055-3863-1502.exe /tmp/qemu-conf-27347-3863-31809.c -g --sysroot=/home/nathan/android/adt/ndk/platforms/android-5/arch-arm -L/home/nathan/android/adt/ndk/platforms/android-5/arch-arm/usr/lib -lz -llog -lc -lm -L/home/nathan/SDL-1.2.15/Inst/lib -l:libSDL.a -Werror -Wold-style-declaration
arm-linux-androideabi-gcc -D_FORTIFY_SOURCE=2 -D_GNU_SOURCE -D_FILE_OFFSET_BITS=64 -D_LARGEFILE_SOURCE -Wstrict-prototypes -Wredundant-decls -Wall -Wundef -Wwrite-strings -Wmissing-prototypes -fno-strict-aliasing -fstack-protector-all -Wendif-labels -Wmissing-include-dirs -Wempty-body -Wnested-externs -Wformat-security -Wformat-y2k -Winit-self -Wignored-qualifiers -Wold-style-declaration -Werror -D_FORTIFY_SOURCE=2 -D_GNU_SOURCE -D_FILE_OFFSET_BITS=64 -D_LARGEFILE_SOURCE -Wstrict-prototypes -Wredundant-decls -Wall -Wundef -Wwrite-strings -Wmissing-prototypes -fno-strict-aliasing -fstack-protector-all -Wendif-labels -Wmissing-include-dirs -Wempty-body -Wnested-externs -Wformat-security -Wformat-y2k -Winit-self -Wignored-qualifiers -Wold-style-declaration -o /tmp/qemu-conf-6055-3863-1502.exe /tmp/qemu-conf-27347-3863-31809.c -g --sysroot=/home/nathan/android/adt/ndk/platforms/android-5/arch-arm -L/home/nathan/android/adt/ndk/platforms/android-5/arch-arm/usr/lib -lz -llog -lc -lm -L/home/nathan/SDL-1.2.15/Inst/lib -l:libSDL.a -Werror -Wold-style-definition
arm-linux-androideabi-gcc -D_FORTIFY_SOURCE=2 -D_GNU_SOURCE -D_FILE_OFFSET_BITS=64 -D_LARGEFILE_SOURCE -Wstrict-prototypes -Wredundant-decls -Wall -Wundef -Wwrite-strings -Wmissing-prototypes -fno-strict-aliasing -fstack-protector-all -Wendif-labels -Wmissing-include-dirs -Wempty-body -Wnested-externs -Wformat-security -Wformat-y2k -Winit-self -Wignored-qualifiers -Wold-style-declaration -Wold-style-definition -Werror -D_FORTIFY_SOURCE=2 -D_GNU_SOURCE -D_FILE_OFFSET_BITS=64 -D_LARGEFILE_SOURCE -Wstrict-prototypes -Wredundant-decls -Wall -Wundef -Wwrite-strings -Wmissing-prototypes -fno-strict-aliasing -fstack-protector-all -Wendif-labels -Wmissing-include-dirs -Wempty-body -Wnested-externs -Wformat-security -Wformat-y2k -Winit-self -Wignored-qualifiers -Wold-style-declaration -Wold-style-definition -o /tmp/qemu-conf-6055-3863-1502.exe /tmp/qemu-conf-27347-3863-31809.c -g --sysroot=/home/nathan/android/adt/ndk/platforms/android-5/arch-arm -L/home/nathan/android/adt/ndk/platforms/android-5/arch-arm/usr/lib -lz -llog -lc -lm -L/home/nathan/SDL-1.2.15/Inst/lib -l:libSDL.a -Werror -Wtype-limits
arm-linux-androideabi-gcc -D_FORTIFY_SOURCE=2 -D_GNU_SOURCE -D_FILE_OFFSET_BITS=64 -D_LARGEFILE_SOURCE -Wstrict-prototypes -Wredundant-decls -Wall -Wundef -Wwrite-strings -Wmissing-prototypes -fno-strict-aliasing -fstack-protector-all -Wendif-labels -Wmissing-include-dirs -Wempty-body -Wnested-externs -Wformat-security -Wformat-y2k -Winit-self -Wignored-qualifiers -Wold-style-declaration -Wold-style-definition -Wtype-limits -c -o /tmp/qemu-conf-19245-3863-4075.o /tmp/qemu-conf-27347-3863-31809.c
/tmp/qemu-conf-27347-3863-31809.c:1:5: error: size of array 'sizeof_pointer_is_8' is negative
 int sizeof_pointer_is_8[sizeof(void *) == 8 ? 1 : -1];
     ^
arm-linux-androideabi-gcc -D_FORTIFY_SOURCE=2 -D_GNU_SOURCE -D_FILE_OFFSET_BITS=64 -D_LARGEFILE_SOURCE -Wstrict-prototypes -Wredundant-decls -Wall -Wundef -Wwrite-strings -Wmissing-prototypes -fno-strict-aliasing -fstack-protector-all -Wendif-labels -Wmissing-include-dirs -Wempty-body -Wnested-externs -Wformat-security -Wformat-y2k -Winit-self -Wignored-qualifiers -Wold-style-declaration -Wold-style-definition -Wtype-limits -o /tmp/qemu-conf-6055-3863-1502.exe /tmp/qemu-conf-27347-3863-31809.c -g --sysroot=/home/nathan/android/adt/ndk/platforms/android-5/arch-arm -L/home/nathan/android/adt/ndk/platforms/android-5/arch-arm/usr/lib -lz -llog -lc -lm -L/home/nathan/SDL-1.2.15/Inst/lib -l:libSDL.a -lz
arm-linux-androideabi-gcc -D_FORTIFY_SOURCE=2 -D_GNU_SOURCE -D_FILE_OFFSET_BITS=64 -D_LARGEFILE_SOURCE -Wstrict-prototypes -Wredundant-decls -Wall -Wundef -Wwrite-strings -Wmissing-prototypes -fno-strict-aliasing -fstack-protector-all -Wendif-labels -Wmissing-include-dirs -Wempty-body -Wnested-externs -Wformat-security -Wformat-y2k -Winit-self -Wignored-qualifiers -Wold-style-declaration -Wold-style-definition -Wtype-limits -I/home/nathan/SDL-1.2.15/Inst/include/SDL -D_GNU_SOURCE=1 -D_REENTRANT -o /tmp/qemu-conf-6055-3863-1502.exe /tmp/qemu-conf-27347-3863-31809.c -g --sysroot=/home/nathan/android/adt/ndk/platforms/android-5/arch-arm -L/home/nathan/android/adt/ndk/platforms/android-5/arch-arm/usr/lib -lz -llog -lc -lm -L/home/nathan/SDL-1.2.15/Inst/lib -l:libSDL.a -L/home/nathan/SDL-1.2.15/Inst/lib -Wl,-rpath,/home/nathan/SDL-1.2.15/Inst/lib -lSDL -lc
arm-linux-androideabi-gcc -D_FORTIFY_SOURCE=2 -D_GNU_SOURCE -D_FILE_OFFSET_BITS=64 -D_LARGEFILE_SOURCE -Wstrict-prototypes -Wredundant-decls -Wall -Wundef -Wwrite-strings -Wmissing-prototypes -fno-strict-aliasing -fstack-protector-all -Wendif-labels -Wmissing-include-dirs -Wempty-body -Wnested-externs -Wformat-security -Wformat-y2k -Winit-self -Wignored-qualifiers -Wold-style-declaration -Wold-style-definition -Wtype-limits -I/home/nathan/SDL-1.2.15/Inst/include/SDL -D_GNU_SOURCE=1 -D_REENTRANT -o /tmp/qemu-conf-6055-3863-1502.exe /tmp/qemu-conf-27347-3863-31809.c -g --sysroot=/home/nathan/android/adt/ndk/platforms/android-5/arch-arm -L/home/nathan/android/adt/ndk/platforms/android-5/arch-arm/usr/lib -lz -llog -lc -lm -L/home/nathan/SDL-1.2.15/Inst/lib -l:libSDL.a -L/home/nathan/SDL-1.2.15/Inst/lib -Wl,-rpath,/home/nathan/SDL-1.2.15/Inst/lib -lSDL -lc
/tmp/qemu-conf-27347-3863-31809.c:5:2: error: #error No x11 support
 #error No x11 support
  ^
arm-linux-androideabi-gcc -D_FORTIFY_SOURCE=2 -D_GNU_SOURCE -D_FILE_OFFSET_BITS=64 -D_LARGEFILE_SOURCE -Wstrict-prototypes -Wredundant-decls -Wall -Wundef -Wwrite-strings -Wmissing-prototypes -fno-strict-aliasing -fstack-protector-all -Wendif-labels -Wmissing-include-dirs -Wempty-body -Wnested-externs -Wformat-security -Wformat-y2k -Winit-self -Wignored-qualifiers -Wold-style-declaration -Wold-style-definition -Wtype-limits -o /tmp/qemu-conf-6055-3863-1502.exe /tmp/qemu-conf-27347-3863-31809.c -g --sysroot=/home/nathan/android/adt/ndk/platforms/android-5/arch-arm -L/home/nathan/android/adt/ndk/platforms/android-5/arch-arm/usr/lib -lz -llog -lc -lm -L/home/nathan/SDL-1.2.15/Inst/lib -l:libSDL.a
/tmp/qemu-conf-27347-3863-31809.c:1:27: fatal error: gnutls/gnutls.h: No such file or directory
 #include <gnutls/gnutls.h>
                           ^
compilation terminated.
arm-linux-androideabi-gcc -D_FORTIFY_SOURCE=2 -D_GNU_SOURCE -D_FILE_OFFSET_BITS=64 -D_LARGEFILE_SOURCE -Wstrict-prototypes -Wredundant-decls -Wall -Wundef -Wwrite-strings -Wmissing-prototypes -fno-strict-aliasing -fstack-protector-all -Wendif-labels -Wmissing-include-dirs -Wempty-body -Wnested-externs -Wformat-security -Wformat-y2k -Winit-self -Wignored-qualifiers -Wold-style-declaration -Wold-style-definition -Wtype-limits -o /tmp/qemu-conf-6055-3863-1502.exe /tmp/qemu-conf-27347-3863-31809.c -g --sysroot=/home/nathan/android/adt/ndk/platforms/android-5/arch-arm -L/home/nathan/android/adt/ndk/platforms/android-5/arch-arm/usr/lib -lz -llog -lc -lm -L/home/nathan/SDL-1.2.15/Inst/lib -l:libSDL.a -lsasl2
/tmp/qemu-conf-27347-3863-31809.c:1:23: fatal error: sasl/sasl.h: No such file or directory
 #include <sasl/sasl.h>
                       ^
compilation terminated.
arm-linux-androideabi-gcc -D_FORTIFY_SOURCE=2 -D_GNU_SOURCE -D_FILE_OFFSET_BITS=64 -D_LARGEFILE_SOURCE -Wstrict-prototypes -Wredundant-decls -Wall -Wundef -Wwrite-strings -Wmissing-prototypes -fno-strict-aliasing -fstack-protector-all -Wendif-labels -Wmissing-include-dirs -Wempty-body -Wnested-externs -Wformat-security -Wformat-y2k -Winit-self -Wignored-qualifiers -Wold-style-declaration -Wold-style-definition -Wtype-limits -o /tmp/qemu-conf-6055-3863-1502.exe /tmp/qemu-conf-27347-3863-31809.c -g --sysroot=/home/nathan/android/adt/ndk/platforms/android-5/arch-arm -L/home/nathan/android/adt/ndk/platforms/android-5/arch-arm/usr/lib -lz -llog -lc -lm -L/home/nathan/SDL-1.2.15/Inst/lib -l:libSDL.a -ljpeg
/tmp/qemu-conf-27347-3863-31809.c:2:21: fatal error: jpeglib.h: No such file or directory
 #include <jpeglib.h>
                     ^
compilation terminated.
arm-linux-androideabi-gcc -D_FORTIFY_SOURCE=2 -D_GNU_SOURCE -D_FILE_OFFSET_BITS=64 -D_LARGEFILE_SOURCE -Wstrict-prototypes -Wredundant-decls -Wall -Wundef -Wwrite-strings -Wmissing-prototypes -fno-strict-aliasing -fstack-protector-all -Wendif-labels -Wmissing-include-dirs -Wempty-body -Wnested-externs -Wformat-security -Wformat-y2k -Winit-self -Wignored-qualifiers -Wold-style-declaration -Wold-style-definition -Wtype-limits -o /tmp/qemu-conf-6055-3863-1502.exe /tmp/qemu-conf-27347-3863-31809.c -g --sysroot=/home/nathan/android/adt/ndk/platforms/android-5/arch-arm -L/home/nathan/android/adt/ndk/platforms/android-5/arch-arm/usr/lib -lz -llog -lc -lm -L/home/nathan/SDL-1.2.15/Inst/lib -l:libSDL.a -lpng
/tmp/qemu-conf-27347-3863-31809.c:2:17: fatal error: png.h: No such file or directory
 #include <png.h>
                 ^
compilation terminated.
arm-linux-androideabi-gcc -D_FORTIFY_SOURCE=2 -D_GNU_SOURCE -D_FILE_OFFSET_BITS=64 -D_LARGEFILE_SOURCE -Wstrict-prototypes -Wredundant-decls -Wall -Wundef -Wwrite-strings -Wmissing-prototypes -fno-strict-aliasing -fstack-protector-all -Wendif-labels -Wmissing-include-dirs -Wempty-body -Wnested-externs -Wformat-security -Wformat-y2k -Winit-self -Wignored-qualifiers -Wold-style-declaration -Wold-style-definition -Wtype-limits -o /tmp/qemu-conf-6055-3863-1502.exe /tmp/qemu-conf-27347-3863-31809.c -g --sysroot=/home/nathan/android/adt/ndk/platforms/android-5/arch-arm -L/home/nathan/android/adt/ndk/platforms/android-5/arch-arm/usr/lib -lz -llog -lc -lm -L/home/nathan/SDL-1.2.15/Inst/lib -l:libSDL.a
arm-linux-androideabi-gcc -D_FORTIFY_SOURCE=2 -D_GNU_SOURCE -D_FILE_OFFSET_BITS=64 -D_LARGEFILE_SOURCE -Wstrict-prototypes -Wredundant-decls -Wall -Wundef -Wwrite-strings -Wmissing-prototypes -fno-strict-aliasing -fstack-protector-all -Wendif-labels -Wmissing-include-dirs -Wempty-body -Wnested-externs -Wformat-security -Wformat-y2k -Winit-self -Wignored-qualifiers -Wold-style-declaration -Wold-style-definition -Wtype-limits -o /tmp/qemu-conf-6055-3863-1502.exe /tmp/qemu-conf-27347-3863-31809.c -g --sysroot=/home/nathan/android/adt/ndk/platforms/android-5/arch-arm -L/home/nathan/android/adt/ndk/platforms/android-5/arch-arm/usr/lib -lz -llog -lc -lm -L/home/nathan/SDL-1.2.15/Inst/lib -l:libSDL.a
/tmp/qemu-conf-27347-3863-31809.c:1:21: fatal error: xfs/xfs.h: No such file or directory
 #include <xfs/xfs.h>
                     ^
compilation terminated.
arm-linux-androideabi-gcc -D_FORTIFY_SOURCE=2 -D_GNU_SOURCE -D_FILE_OFFSET_BITS=64 -D_LARGEFILE_SOURCE -Wstrict-prototypes -Wredundant-decls -Wall -Wundef -Wwrite-strings -Wmissing-prototypes -fno-strict-aliasing -fstack-protector-all -Wendif-labels -Wmissing-include-dirs -Wempty-body -Wnested-externs -Wformat-security -Wformat-y2k -Winit-self -Wignored-qualifiers -Wold-style-declaration -Wold-style-definition -Wtype-limits -o /tmp/qemu-conf-6055-3863-1502.exe /tmp/qemu-conf-27347-3863-31809.c -g --sysroot=/home/nathan/android/adt/ndk/platforms/android-5/arch-arm -L/home/nathan/android/adt/ndk/platforms/android-5/arch-arm/usr/lib -lz -llog -lc -lm -L/home/nathan/SDL-1.2.15/Inst/lib -l:libSDL.a
arm-linux-androideabi-gcc -D_FORTIFY_SOURCE=2 -D_GNU_SOURCE -D_FILE_OFFSET_BITS=64 -D_LARGEFILE_SOURCE -Wstrict-prototypes -Wredundant-decls -Wall -Wundef -Wwrite-strings -Wmissing-prototypes -fno-strict-aliasing -fstack-protector-all -Wendif-labels -Wmissing-include-dirs -Wempty-body -Wnested-externs -Wformat-security -Wformat-y2k -Winit-self -Wignored-qualifiers -Wold-style-declaration -Wold-style-definition -Wtype-limits -o /tmp/qemu-conf-6055-3863-1502.exe /tmp/qemu-conf-27347-3863-31809.c -g --sysroot=/home/nathan/android/adt/ndk/platforms/android-5/arch-arm -L/home/nathan/android/adt/ndk/platforms/android-5/arch-arm/usr/lib -lz -llog -lc -lm -L/home/nathan/SDL-1.2.15/Inst/lib -l:libSDL.a -lrbd -lrados
/tmp/qemu-conf-27347-3863-31809.c:2:24: fatal error: rbd/librbd.h: No such file or directory
 #include <rbd/librbd.h>
                        ^
compilation terminated.
arm-linux-androideabi-gcc -D_FORTIFY_SOURCE=2 -D_GNU_SOURCE -D_FILE_OFFSET_BITS=64 -D_LARGEFILE_SOURCE -Wstrict-prototypes -Wredundant-decls -Wall -Wundef -Wwrite-strings -Wmissing-prototypes -fno-strict-aliasing -fstack-protector-all -Wendif-labels -Wmissing-include-dirs -Wempty-body -Wnested-externs -Wformat-security -Wformat-y2k -Winit-self -Wignored-qualifiers -Wold-style-declaration -Wold-style-definition -Wtype-limits -o /tmp/qemu-conf-6055-3863-1502.exe /tmp/qemu-conf-27347-3863-31809.c -g --sysroot=/home/nathan/android/adt/ndk/platforms/android-5/arch-arm -L/home/nathan/android/adt/ndk/platforms/android-5/arch-arm/usr/lib -lz -llog -lc -lm -L/home/nathan/SDL-1.2.15/Inst/lib -l:libSDL.a -laio
/tmp/qemu-conf-27347-3863-31809.c:1:20: fatal error: libaio.h: No such file or directory
 #include <libaio.h>
                    ^
compilation terminated.
arm-linux-androideabi-gcc -D_FORTIFY_SOURCE=2 -D_GNU_SOURCE -D_FILE_OFFSET_BITS=64 -D_LARGEFILE_SOURCE -Wstrict-prototypes -Wredundant-decls -Wall -Wundef -Wwrite-strings -Wmissing-prototypes -fno-strict-aliasing -fstack-protector-all -Wendif-labels -Wmissing-include-dirs -Wempty-body -Wnested-externs -Wformat-security -Wformat-y2k -Winit-self -Wignored-qualifiers -Wold-style-declaration -Wold-style-definition -Wtype-limits -o /tmp/qemu-conf-6055-3863-1502.exe /tmp/qemu-conf-27347-3863-31809.c -g --sysroot=/home/nathan/android/adt/ndk/platforms/android-5/arch-arm -L/home/nathan/android/adt/ndk/platforms/android-5/arch-arm/usr/lib -lz -llog -lc -lm -L/home/nathan/SDL-1.2.15/Inst/lib -l:libSDL.a
/tmp/qemu-conf-27347-3863-31809.c: In function 'main':
/tmp/qemu-conf-27347-3863-31809.c:4:31: warning: unused variable 'iov' [-Wunused-variable]
 int main(void) { struct iovec iov; return 0; }
                               ^
arm-linux-androideabi-gcc -D_FORTIFY_SOURCE=2 -D_GNU_SOURCE -D_FILE_OFFSET_BITS=64 -D_LARGEFILE_SOURCE -Wstrict-prototypes -Wredundant-decls -Wall -Wundef -Wwrite-strings -Wmissing-prototypes -fno-strict-aliasing -fstack-protector-all -Wendif-labels -Wmissing-include-dirs -Wempty-body -Wnested-externs -Wformat-security -Wformat-y2k -Winit-self -Wignored-qualifiers -Wold-style-declaration -Wold-style-definition -Wtype-limits -o /tmp/qemu-conf-6055-3863-1502.exe /tmp/qemu-conf-27347-3863-31809.c -g --sysroot=/home/nathan/android/adt/ndk/platforms/android-5/arch-arm -L/home/nathan/android/adt/ndk/platforms/android-5/arch-arm/usr/lib -lz -llog -lc -lm -L/home/nathan/SDL-1.2.15/Inst/lib -l:libSDL.a
/tmp/qemu-conf-27347-3863-31809.c: In function 'main':
/tmp/qemu-conf-27347-3863-31809.c:4:18: error: 'preadv' undeclared (first use in this function)
 int main(void) { preadv; }
                  ^
/tmp/qemu-conf-27347-3863-31809.c:4:18: note: each undeclared identifier is reported only once for each function it appears in
/tmp/qemu-conf-27347-3863-31809.c:4:1: warning: control reaches end of non-void function [-Wreturn-type]
 int main(void) { preadv; }
 ^
arm-linux-androideabi-gcc -D_FORTIFY_SOURCE=2 -D_GNU_SOURCE -D_FILE_OFFSET_BITS=64 -D_LARGEFILE_SOURCE -Wstrict-prototypes -Wredundant-decls -Wall -Wundef -Wwrite-strings -Wmissing-prototypes -fno-strict-aliasing -fstack-protector-all -Wendif-labels -Wmissing-include-dirs -Wempty-body -Wnested-externs -Wformat-security -Wformat-y2k -Winit-self -Wignored-qualifiers -Wold-style-declaration -Wold-style-definition -Wtype-limits -o /tmp/qemu-conf-6055-3863-1502.exe /tmp/qemu-conf-27347-3863-31809.c -g --sysroot=/home/nathan/android/adt/ndk/platforms/android-5/arch-arm -L/home/nathan/android/adt/ndk/platforms/android-5/arch-arm/usr/lib -lz -llog -lc -lm -L/home/nathan/SDL-1.2.15/Inst/lib -l:libSDL.a -lGL
/tmp/qemu-conf-27347-3863-31809.c:1:22: fatal error: X11/Xlib.h: No such file or directory
 #include <X11/Xlib.h>
                      ^
compilation terminated.
arm-linux-androideabi-gcc -D_FORTIFY_SOURCE=2 -D_GNU_SOURCE -D_FILE_OFFSET_BITS=64 -D_LARGEFILE_SOURCE -Wstrict-prototypes -Wredundant-decls -Wall -Wundef -Wwrite-strings -Wmissing-prototypes -fno-strict-aliasing -fstack-protector-all -Wendif-labels -Wmissing-include-dirs -Wempty-body -Wnested-externs -Wformat-security -Wformat-y2k -Winit-self -Wignored-qualifiers -Wold-style-declaration -Wold-style-definition -Wtype-limits -o /tmp/qemu-conf-6055-3863-1502.exe /tmp/qemu-conf-27347-3863-31809.c -g --sysroot=/home/nathan/android/adt/ndk/platforms/android-5/arch-arm -L/home/nathan/android/adt/ndk/platforms/android-5/arch-arm/usr/lib -lz -llog -lc -lm -L/home/nathan/SDL-1.2.15/Inst/lib -l:libSDL.a
arm-linux-androideabi-gcc -D_FORTIFY_SOURCE=2 -D_GNU_SOURCE -D_FILE_OFFSET_BITS=64 -D_LARGEFILE_SOURCE -Wstrict-prototypes -Wredundant-decls -Wall -Wundef -Wwrite-strings -Wmissing-prototypes -fno-strict-aliasing -fstack-protector-all -Wendif-labels -Wmissing-include-dirs -Wempty-body -Wnested-externs -Wformat-security -Wformat-y2k -Winit-self -Wignored-qualifiers -Wold-style-declaration -Wold-style-definition -Wtype-limits -o /tmp/qemu-conf-6055-3863-1502.exe /tmp/qemu-conf-27347-3863-31809.c -g --sysroot=/home/nathan/android/adt/ndk/platforms/android-5/arch-arm -L/home/nathan/android/adt/ndk/platforms/android-5/arch-arm/usr/lib -lz -llog -lc -lm -L/home/nathan/SDL-1.2.15/Inst/lib -l:libSDL.a
arm-linux-androideabi-gcc -D_FORTIFY_SOURCE=2 -D_GNU_SOURCE -D_FILE_OFFSET_BITS=64 -D_LARGEFILE_SOURCE -Wstrict-prototypes -Wredundant-decls -Wall -Wundef -Wwrite-strings -Wmissing-prototypes -fno-strict-aliasing -fstack-protector-all -Wendif-labels -Wmissing-include-dirs -Wempty-body -Wnested-externs -Wformat-security -Wformat-y2k -Winit-self -Wignored-qualifiers -Wold-style-declaration -Wold-style-definition -Wtype-limits -o /tmp/qemu-conf-6055-3863-1502.exe /tmp/qemu-conf-27347-3863-31809.c -g --sysroot=/home/nathan/android/adt/ndk/platforms/android-5/arch-arm -L/home/nathan/android/adt/ndk/platforms/android-5/arch-arm/usr/lib -lz -llog -lc -lm -L/home/nathan/SDL-1.2.15/Inst/lib -l:libSDL.a
/tmp/qemu-conf-27347-3863-31809.c: In function 'main':
/tmp/qemu-conf-27347-3863-31809.c:7:5: warning: implicit declaration of function 'inotify_init1' [-Wimplicit-function-declaration]
     return inotify_init1(0);
     ^
/tmp/qemu-conf-27347-3863-31809.c:7:5: warning: nested extern declaration of 'inotify_init1' [-Wnested-externs]
/tmp/qemu-conf-27347-3863-31809.c:7: error: undefined reference to 'inotify_init1'
collect2: error: ld returned 1 exit status
arm-linux-androideabi-gcc -D_FORTIFY_SOURCE=2 -D_GNU_SOURCE -D_FILE_OFFSET_BITS=64 -D_LARGEFILE_SOURCE -Wstrict-prototypes -Wredundant-decls -Wall -Wundef -Wwrite-strings -Wmissing-prototypes -fno-strict-aliasing -fstack-protector-all -Wendif-labels -Wmissing-include-dirs -Wempty-body -Wnested-externs -Wformat-security -Wformat-y2k -Winit-self -Wignored-qualifiers -Wold-style-declaration -Wold-style-definition -Wtype-limits -o /tmp/qemu-conf-6055-3863-1502.exe /tmp/qemu-conf-27347-3863-31809.c -g --sysroot=/home/nathan/android/adt/ndk/platforms/android-5/arch-arm -L/home/nathan/android/adt/ndk/platforms/android-5/arch-arm/usr/lib -lz -llog -lc -lm -L/home/nathan/SDL-1.2.15/Inst/lib -l:libSDL.a
/tmp/qemu-conf-27347-3863-31809.c: In function 'main':
/tmp/qemu-conf-27347-3863-31809.c:7:5: warning: implicit declaration of function 'utimensat' [-Wimplicit-function-declaration]
     utimensat(AT_FDCWD, "foo", NULL, 0);
     ^
/tmp/qemu-conf-27347-3863-31809.c:7:5: warning: nested extern declaration of 'utimensat' [-Wnested-externs]
/tmp/qemu-conf-27347-3863-31809.c:8:5: warning: implicit declaration of function 'futimens' [-Wimplicit-function-declaration]
     futimens(0, NULL);
     ^
/tmp/qemu-conf-27347-3863-31809.c:8:5: warning: nested extern declaration of 'futimens' [-Wnested-externs]
/tmp/qemu-conf-27347-3863-31809.c:7: error: undefined reference to 'utimensat'
/tmp/qemu-conf-27347-3863-31809.c:8: error: undefined reference to 'futimens'
collect2: error: ld returned 1 exit status
arm-linux-androideabi-gcc -D_FORTIFY_SOURCE=2 -D_GNU_SOURCE -D_FILE_OFFSET_BITS=64 -D_LARGEFILE_SOURCE -Wstrict-prototypes -Wredundant-decls -Wall -Wundef -Wwrite-strings -Wmissing-prototypes -fno-strict-aliasing -fstack-protector-all -Wendif-labels -Wmissing-include-dirs -Wempty-body -Wnested-externs -Wformat-security -Wformat-y2k -Winit-self -Wignored-qualifiers -Wold-style-declaration -Wold-style-definition -Wtype-limits -o /tmp/qemu-conf-6055-3863-1502.exe /tmp/qemu-conf-27347-3863-31809.c -g --sysroot=/home/nathan/android/adt/ndk/platforms/android-5/arch-arm -L/home/nathan/android/adt/ndk/platforms/android-5/arch-arm/usr/lib -lz -llog -lc -lm -L/home/nathan/SDL-1.2.15/Inst/lib -l:libSDL.a
/tmp/qemu-conf-27347-3863-31809.c: In function 'main':
/tmp/qemu-conf-27347-3863-31809.c:7:5: warning: implicit declaration of function 'pipe2' [-Wimplicit-function-declaration]
     pipe2(pipefd, O_CLOEXEC);
     ^
/tmp/qemu-conf-27347-3863-31809.c:7:5: warning: nested extern declaration of 'pipe2' [-Wnested-externs]
/tmp/qemu-conf-27347-3863-31809.c:7: error: undefined reference to 'pipe2'
collect2: error: ld returned 1 exit status
arm-linux-androideabi-gcc -D_FORTIFY_SOURCE=2 -D_GNU_SOURCE -D_FILE_OFFSET_BITS=64 -D_LARGEFILE_SOURCE -Wstrict-prototypes -Wredundant-decls -Wall -Wundef -Wwrite-strings -Wmissing-prototypes -fno-strict-aliasing -fstack-protector-all -Wendif-labels -Wmissing-include-dirs -Wempty-body -Wnested-externs -Wformat-security -Wformat-y2k -Winit-self -Wignored-qualifiers -Wold-style-declaration -Wold-style-definition -Wtype-limits -o /tmp/qemu-conf-6055-3863-1502.exe /tmp/qemu-conf-27347-3863-31809.c -g --sysroot=/home/nathan/android/adt/ndk/platforms/android-5/arch-arm -L/home/nathan/android/adt/ndk/platforms/android-5/arch-arm/usr/lib -lz -llog -lc -lm -L/home/nathan/SDL-1.2.15/Inst/lib -l:libSDL.a
/tmp/qemu-conf-27347-3863-31809.c: In function 'main':
/tmp/qemu-conf-27347-3863-31809.c:6:5: warning: implicit declaration of function 'accept4' [-Wimplicit-function-declaration]
     accept4(0, NULL, NULL, SOCK_CLOEXEC);
     ^
/tmp/qemu-conf-27347-3863-31809.c:6:5: warning: nested extern declaration of 'accept4' [-Wnested-externs]
/tmp/qemu-conf-27347-3863-31809.c:6:28: error: 'SOCK_CLOEXEC' undeclared (first use in this function)
     accept4(0, NULL, NULL, SOCK_CLOEXEC);
                            ^
/tmp/qemu-conf-27347-3863-31809.c:6:28: note: each undeclared identifier is reported only once for each function it appears in
arm-linux-androideabi-gcc -D_FORTIFY_SOURCE=2 -D_GNU_SOURCE -D_FILE_OFFSET_BITS=64 -D_LARGEFILE_SOURCE -Wstrict-prototypes -Wredundant-decls -Wall -Wundef -Wwrite-strings -Wmissing-prototypes -fno-strict-aliasing -fstack-protector-all -Wendif-labels -Wmissing-include-dirs -Wempty-body -Wnested-externs -Wformat-security -Wformat-y2k -Winit-self -Wignored-qualifiers -Wold-style-declaration -Wold-style-definition -Wtype-limits -o /tmp/qemu-conf-6055-3863-1502.exe /tmp/qemu-conf-27347-3863-31809.c -g --sysroot=/home/nathan/android/adt/ndk/platforms/android-5/arch-arm -L/home/nathan/android/adt/ndk/platforms/android-5/arch-arm/usr/lib -lz -llog -lc -lm -L/home/nathan/SDL-1.2.15/Inst/lib -l:libSDL.a
/tmp/qemu-conf-27347-3863-31809.c: In function 'main':
/tmp/qemu-conf-27347-3863-31809.c:8:5: warning: implicit declaration of function 'tee' [-Wimplicit-function-declaration]
     len = tee(STDIN_FILENO, STDOUT_FILENO, INT_MAX, SPLICE_F_NONBLOCK);
     ^
/tmp/qemu-conf-27347-3863-31809.c:8:5: warning: nested extern declaration of 'tee' [-Wnested-externs]
/tmp/qemu-conf-27347-3863-31809.c:8:53: error: 'SPLICE_F_NONBLOCK' undeclared (first use in this function)
     len = tee(STDIN_FILENO, STDOUT_FILENO, INT_MAX, SPLICE_F_NONBLOCK);
                                                     ^
/tmp/qemu-conf-27347-3863-31809.c:8:53: note: each undeclared identifier is reported only once for each function it appears in
/tmp/qemu-conf-27347-3863-31809.c:9:5: warning: implicit declaration of function 'splice' [-Wimplicit-function-declaration]
     splice(STDIN_FILENO, NULL, fd, NULL, len, SPLICE_F_MOVE);
     ^
/tmp/qemu-conf-27347-3863-31809.c:9:5: warning: nested extern declaration of 'splice' [-Wnested-externs]
/tmp/qemu-conf-27347-3863-31809.c:9:47: error: 'SPLICE_F_MOVE' undeclared (first use in this function)
     splice(STDIN_FILENO, NULL, fd, NULL, len, SPLICE_F_MOVE);
                                               ^
arm-linux-androideabi-gcc -D_FORTIFY_SOURCE=2 -D_GNU_SOURCE -D_FILE_OFFSET_BITS=64 -D_LARGEFILE_SOURCE -Wstrict-prototypes -Wredundant-decls -Wall -Wundef -Wwrite-strings -Wmissing-prototypes -fno-strict-aliasing -fstack-protector-all -Wendif-labels -Wmissing-include-dirs -Wempty-body -Wnested-externs -Wformat-security -Wformat-y2k -Winit-self -Wignored-qualifiers -Wold-style-declaration -Wold-style-definition -Wtype-limits -o /tmp/qemu-conf-6055-3863-1502.exe /tmp/qemu-conf-27347-3863-31809.c -g --sysroot=/home/nathan/android/adt/ndk/platforms/android-5/arch-arm -L/home/nathan/android/adt/ndk/platforms/android-5/arch-arm/usr/lib -lz -llog -lc -lm -L/home/nathan/SDL-1.2.15/Inst/lib -l:libSDL.a
/tmp/qemu-conf-27347-3863-31809.c:1:0: warning: "_GNU_SOURCE" redefined [enabled by default]
 #define _GNU_SOURCE
 ^
<command-line>:0:0: note: this is the location of the previous definition
/tmp/qemu-conf-27347-3863-31809.c: In function 'main':
/tmp/qemu-conf-27347-3863-31809.c:5:33: error: 'SYS_signalfd' undeclared (first use in this function)
 int main(void) { return syscall(SYS_signalfd, -1, NULL, _NSIG / 8); }
                                 ^
/tmp/qemu-conf-27347-3863-31809.c:5:33: note: each undeclared identifier is reported only once for each function it appears in
/tmp/qemu-conf-27347-3863-31809.c:5:1: warning: control reaches end of non-void function [-Wreturn-type]
 int main(void) { return syscall(SYS_signalfd, -1, NULL, _NSIG / 8); }
 ^
arm-linux-androideabi-gcc -D_FORTIFY_SOURCE=2 -D_GNU_SOURCE -D_FILE_OFFSET_BITS=64 -D_LARGEFILE_SOURCE -Wstrict-prototypes -Wredundant-decls -Wall -Wundef -Wwrite-strings -Wmissing-prototypes -fno-strict-aliasing -fstack-protector-all -Wendif-labels -Wmissing-include-dirs -Wempty-body -Wnested-externs -Wformat-security -Wformat-y2k -Winit-self -Wignored-qualifiers -Wold-style-declaration -Wold-style-definition -Wtype-limits -o /tmp/qemu-conf-6055-3863-1502.exe /tmp/qemu-conf-27347-3863-31809.c -g --sysroot=/home/nathan/android/adt/ndk/platforms/android-5/arch-arm -L/home/nathan/android/adt/ndk/platforms/android-5/arch-arm/usr/lib -lz -llog -lc -lm -L/home/nathan/SDL-1.2.15/Inst/lib -l:libSDL.a
/tmp/qemu-conf-27347-3863-31809.c:1:25: fatal error: sys/eventfd.h: No such file or directory
 #include <sys/eventfd.h>
                         ^
compilation terminated.
arm-linux-androideabi-gcc -D_FORTIFY_SOURCE=2 -D_GNU_SOURCE -D_FILE_OFFSET_BITS=64 -D_LARGEFILE_SOURCE -Wstrict-prototypes -Wredundant-decls -Wall -Wundef -Wwrite-strings -Wmissing-prototypes -fno-strict-aliasing -fstack-protector-all -Wendif-labels -Wmissing-include-dirs -Wempty-body -Wnested-externs -Wformat-security -Wformat-y2k -Winit-self -Wignored-qualifiers -Wold-style-declaration -Wold-style-definition -Wtype-limits -o /tmp/qemu-conf-6055-3863-1502.exe /tmp/qemu-conf-27347-3863-31809.c -g --sysroot=/home/nathan/android/adt/ndk/platforms/android-5/arch-arm -L/home/nathan/android/adt/ndk/platforms/android-5/arch-arm/usr/lib -lz -llog -lc -lm -L/home/nathan/SDL-1.2.15/Inst/lib -l:libSDL.a
/tmp/qemu-conf-27347-3863-31809.c: In function 'main':
/tmp/qemu-conf-27347-3863-31809.c:5:5: warning: implicit declaration of function 'fallocate' [-Wimplicit-function-declaration]
     fallocate(0, 0, 0, 0);
     ^
/tmp/qemu-conf-27347-3863-31809.c:5:5: warning: nested extern declaration of 'fallocate' [-Wnested-externs]
/tmp/qemu-conf-27347-3863-31809.c:5: error: undefined reference to 'fallocate'
collect2: error: ld returned 1 exit status
arm-linux-androideabi-gcc -D_FORTIFY_SOURCE=2 -D_GNU_SOURCE -D_FILE_OFFSET_BITS=64 -D_LARGEFILE_SOURCE -Wstrict-prototypes -Wredundant-decls -Wall -Wundef -Wwrite-strings -Wmissing-prototypes -fno-strict-aliasing -fstack-protector-all -Wendif-labels -Wmissing-include-dirs -Wempty-body -Wnested-externs -Wformat-security -Wformat-y2k -Winit-self -Wignored-qualifiers -Wold-style-declaration -Wold-style-definition -Wtype-limits -o /tmp/qemu-conf-6055-3863-1502.exe /tmp/qemu-conf-27347-3863-31809.c -g --sysroot=/home/nathan/android/adt/ndk/platforms/android-5/arch-arm -L/home/nathan/android/adt/ndk/platforms/android-5/arch-arm/usr/lib -lz -llog -lc -lm -L/home/nathan/SDL-1.2.15/Inst/lib -l:libSDL.a
/tmp/qemu-conf-27347-3863-31809.c: In function 'main':
/tmp/qemu-conf-27347-3863-31809.c:5:5: warning: implicit declaration of function 'sync_file_range' [-Wimplicit-function-declaration]
     sync_file_range(0, 0, 0, 0);
     ^
/tmp/qemu-conf-27347-3863-31809.c:5:5: warning: nested extern declaration of 'sync_file_range' [-Wnested-externs]
/tmp/qemu-conf-27347-3863-31809.c:5: error: undefined reference to 'sync_file_range'
collect2: error: ld returned 1 exit status
arm-linux-androideabi-gcc -D_FORTIFY_SOURCE=2 -D_GNU_SOURCE -D_FILE_OFFSET_BITS=64 -D_LARGEFILE_SOURCE -Wstrict-prototypes -Wredundant-decls -Wall -Wundef -Wwrite-strings -Wmissing-prototypes -fno-strict-aliasing -fstack-protector-all -Wendif-labels -Wmissing-include-dirs -Wempty-body -Wnested-externs -Wformat-security -Wformat-y2k -Winit-self -Wignored-qualifiers -Wold-style-declaration -Wold-style-definition -Wtype-limits -o /tmp/qemu-conf-6055-3863-1502.exe /tmp/qemu-conf-27347-3863-31809.c -g --sysroot=/home/nathan/android/adt/ndk/platforms/android-5/arch-arm -L/home/nathan/android/adt/ndk/platforms/android-5/arch-arm/usr/lib -lz -llog -lc -lm -L/home/nathan/SDL-1.2.15/Inst/lib -l:libSDL.a
/tmp/qemu-conf-27347-3863-31809.c:3:26: fatal error: linux/fiemap.h: No such file or directory
 #include <linux/fiemap.h>
                          ^
compilation terminated.
arm-linux-androideabi-gcc -D_FORTIFY_SOURCE=2 -D_GNU_SOURCE -D_FILE_OFFSET_BITS=64 -D_LARGEFILE_SOURCE -Wstrict-prototypes -Wredundant-decls -Wall -Wundef -Wwrite-strings -Wmissing-prototypes -fno-strict-aliasing -fstack-protector-all -Wendif-labels -Wmissing-include-dirs -Wempty-body -Wnested-externs -Wformat-security -Wformat-y2k -Winit-self -Wignored-qualifiers -Wold-style-declaration -Wold-style-definition -Wtype-limits -o /tmp/qemu-conf-6055-3863-1502.exe /tmp/qemu-conf-27347-3863-31809.c -g --sysroot=/home/nathan/android/adt/ndk/platforms/android-5/arch-arm -L/home/nathan/android/adt/ndk/platforms/android-5/arch-arm/usr/lib -lz -llog -lc -lm -L/home/nathan/SDL-1.2.15/Inst/lib -l:libSDL.a
/tmp/qemu-conf-27347-3863-31809.c: In function 'main':
/tmp/qemu-conf-27347-3863-31809.c:5:5: warning: implicit declaration of function 'dup3' [-Wimplicit-function-declaration]
     dup3(0, 0, 0);
     ^
/tmp/qemu-conf-27347-3863-31809.c:5:5: warning: nested extern declaration of 'dup3' [-Wnested-externs]
/tmp/qemu-conf-27347-3863-31809.c:5: error: undefined reference to 'dup3'
collect2: error: ld returned 1 exit status
arm-linux-androideabi-gcc -D_FORTIFY_SOURCE=2 -D_GNU_SOURCE -D_FILE_OFFSET_BITS=64 -D_LARGEFILE_SOURCE -Wstrict-prototypes -Wredundant-decls -Wall -Wundef -Wwrite-strings -Wmissing-prototypes -fno-strict-aliasing -fstack-protector-all -Wendif-labels -Wmissing-include-dirs -Wempty-body -Wnested-externs -Wformat-security -Wformat-y2k -Winit-self -Wignored-qualifiers -Wold-style-declaration -Wold-style-definition -Wtype-limits -o /tmp/qemu-conf-6055-3863-1502.exe /tmp/qemu-conf-27347-3863-31809.c -g --sysroot=/home/nathan/android/adt/ndk/platforms/android-5/arch-arm -L/home/nathan/android/adt/ndk/platforms/android-5/arch-arm/usr/lib -lz -llog -lc -lm -L/home/nathan/SDL-1.2.15/Inst/lib -l:libSDL.a
arm-linux-androideabi-gcc -D_FORTIFY_SOURCE=2 -D_GNU_SOURCE -D_FILE_OFFSET_BITS=64 -D_LARGEFILE_SOURCE -Wstrict-prototypes -Wredundant-decls -Wall -Wundef -Wwrite-strings -Wmissing-prototypes -fno-strict-aliasing -fstack-protector-all -Wendif-labels -Wmissing-include-dirs -Wempty-body -Wnested-externs -Wformat-security -Wformat-y2k -Winit-self -Wignored-qualifiers -Wold-style-declaration -Wold-style-definition -Wtype-limits -o /tmp/qemu-conf-6055-3863-1502.exe /tmp/qemu-conf-27347-3863-31809.c -g --sysroot=/home/nathan/android/adt/ndk/platforms/android-5/arch-arm -L/home/nathan/android/adt/ndk/platforms/android-5/arch-arm/usr/lib -lz -llog -lc -lm -L/home/nathan/SDL-1.2.15/Inst/lib -l:libSDL.a
/tmp/qemu-conf-27347-3863-31809.c: In function 'main':
/tmp/qemu-conf-27347-3863-31809.c:13:5: error: 'epoll_create1' undeclared (first use in this function)
     epoll_create1;
     ^
/tmp/qemu-conf-27347-3863-31809.c:13:5: note: each undeclared identifier is reported only once for each function it appears in
arm-linux-androideabi-gcc -D_FORTIFY_SOURCE=2 -D_GNU_SOURCE -D_FILE_OFFSET_BITS=64 -D_LARGEFILE_SOURCE -Wstrict-prototypes -Wredundant-decls -Wall -Wundef -Wwrite-strings -Wmissing-prototypes -fno-strict-aliasing -fstack-protector-all -Wendif-labels -Wmissing-include-dirs -Wempty-body -Wnested-externs -Wformat-security -Wformat-y2k -Winit-self -Wignored-qualifiers -Wold-style-declaration -Wold-style-definition -Wtype-limits -o /tmp/qemu-conf-6055-3863-1502.exe /tmp/qemu-conf-27347-3863-31809.c -g --sysroot=/home/nathan/android/adt/ndk/platforms/android-5/arch-arm -L/home/nathan/android/adt/ndk/platforms/android-5/arch-arm/usr/lib -lz -llog -lc -lm -L/home/nathan/SDL-1.2.15/Inst/lib -l:libSDL.a
/tmp/qemu-conf-27347-3863-31809.c: In function 'main':
/tmp/qemu-conf-27347-3863-31809.c:5:5: warning: implicit declaration of function 'epoll_pwait' [-Wimplicit-function-declaration]
     epoll_pwait(0, 0, 0, 0, 0);
     ^
/tmp/qemu-conf-27347-3863-31809.c:5:5: warning: nested extern declaration of 'epoll_pwait' [-Wnested-externs]
/tmp/qemu-conf-27347-3863-31809.c:5: error: undefined reference to 'epoll_pwait'
collect2: error: ld returned 1 exit status
arm-linux-androideabi-gcc -D_FORTIFY_SOURCE=2 -D_GNU_SOURCE -D_FILE_OFFSET_BITS=64 -D_LARGEFILE_SOURCE -Wstrict-prototypes -Wredundant-decls -Wall -Wundef -Wwrite-strings -Wmissing-prototypes -fno-strict-aliasing -fstack-protector-all -Wendif-labels -Wmissing-include-dirs -Wempty-body -Wnested-externs -Wformat-security -Wformat-y2k -Winit-self -Wignored-qualifiers -Wold-style-declaration -Wold-style-definition -Wtype-limits -o /tmp/qemu-conf-6055-3863-1502.exe /tmp/qemu-conf-27347-3863-31809.c -g --sysroot=/home/nathan/android/adt/ndk/platforms/android-5/arch-arm -L/home/nathan/android/adt/ndk/platforms/android-5/arch-arm/usr/lib -lz -llog -lc -lm -L/home/nathan/SDL-1.2.15/Inst/lib -l:libSDL.a
arm-linux-androideabi-gcc -D_FORTIFY_SOURCE=2 -D_GNU_SOURCE -D_FILE_OFFSET_BITS=64 -D_LARGEFILE_SOURCE -Wstrict-prototypes -Wredundant-decls -Wall -Wundef -Wwrite-strings -Wmissing-prototypes -fno-strict-aliasing -fstack-protector-all -Wendif-labels -Wmissing-include-dirs -Wempty-body -Wnested-externs -Wformat-security -Wformat-y2k -Winit-self -Wignored-qualifiers -Wold-style-declaration -Wold-style-definition -Wtype-limits -o /tmp/qemu-conf-6055-3863-1502.exe /tmp/qemu-conf-27347-3863-31809.c -g --sysroot=/home/nathan/android/adt/ndk/platforms/android-5/arch-arm -L/home/nathan/android/adt/ndk/platforms/android-5/arch-arm/usr/lib -lz -llog -lc -lm -L/home/nathan/SDL-1.2.15/Inst/lib -l:libSDL.a
/tmp/qemu-conf-27347-3863-31809.c:3:27: fatal error: machine/bswap.h: No such file or directory
 #include <machine/bswap.h>
                           ^
compilation terminated.
arm-linux-androideabi-gcc -D_FORTIFY_SOURCE=2 -D_GNU_SOURCE -D_FILE_OFFSET_BITS=64 -D_LARGEFILE_SOURCE -Wstrict-prototypes -Wredundant-decls -Wall -Wundef -Wwrite-strings -Wmissing-prototypes -fno-strict-aliasing -fstack-protector-all -Wendif-labels -Wmissing-include-dirs -Wempty-body -Wnested-externs -Wformat-security -Wformat-y2k -Winit-self -Wignored-qualifiers -Wold-style-declaration -Wold-style-definition -Wtype-limits -o /tmp/qemu-conf-6055-3863-1502.exe /tmp/qemu-conf-27347-3863-31809.c -g --sysroot=/home/nathan/android/adt/ndk/platforms/android-5/arch-arm -L/home/nathan/android/adt/ndk/platforms/android-5/arch-arm/usr/lib -lz -llog -lc -lm -L/home/nathan/SDL-1.2.15/Inst/lib -l:libSDL.a
/tmp/qemu-conf-27347-3863-31809.c: In function 'main':
/tmp/qemu-conf-27347-3863-31809.c:3:32: warning: 'id' is used uninitialized in this function [-Wuninitialized]
 int main(void) { clockid_t id; return clock_gettime(id, NULL); }
                                ^
/tmp/qemu-conf-27347-3863-31809.c:3:28: note: 'id' was declared here
 int main(void) { clockid_t id; return clock_gettime(id, NULL); }
                            ^
arm-linux-androideabi-gcc -D_FORTIFY_SOURCE=2 -D_GNU_SOURCE -D_FILE_OFFSET_BITS=64 -D_LARGEFILE_SOURCE -Wstrict-prototypes -Wredundant-decls -Wall -Wundef -Wwrite-strings -Wmissing-prototypes -fno-strict-aliasing -fstack-protector-all -Wendif-labels -Wmissing-include-dirs -Wempty-body -Wnested-externs -Wformat-security -Wformat-y2k -Winit-self -Wignored-qualifiers -Wold-style-declaration -Wold-style-definition -Wtype-limits -o /tmp/qemu-conf-6055-3863-1502.exe /tmp/qemu-conf-27347-3863-31809.c -g --sysroot=/home/nathan/android/adt/ndk/platforms/android-5/arch-arm -L/home/nathan/android/adt/ndk/platforms/android-5/arch-arm/usr/lib -lz -llog -lc -lm -L/home/nathan/SDL-1.2.15/Inst/lib -l:libSDL.a
arm-linux-androideabi-gcc -D_FORTIFY_SOURCE=2 -D_GNU_SOURCE -D_FILE_OFFSET_BITS=64 -D_LARGEFILE_SOURCE -Wstrict-prototypes -Wredundant-decls -Wall -Wundef -Wwrite-strings -Wmissing-prototypes -fno-strict-aliasing -fstack-protector-all -Wendif-labels -Wmissing-include-dirs -Wempty-body -Wnested-externs -Wformat-security -Wformat-y2k -Winit-self -Wignored-qualifiers -Wold-style-declaration -Wold-style-definition -Wtype-limits -o /tmp/qemu-conf-6055-3863-1502.exe /tmp/qemu-conf-27347-3863-31809.c -g --sysroot=/home/nathan/android/adt/ndk/platforms/android-5/arch-arm -L/home/nathan/android/adt/ndk/platforms/android-5/arch-arm/usr/lib -lz -llog -lc -lm -L/home/nathan/SDL-1.2.15/Inst/lib -l:libSDL.a
arm-linux-androideabi-gcc -D_FORTIFY_SOURCE=2 -D_GNU_SOURCE -D_FILE_OFFSET_BITS=64 -D_LARGEFILE_SOURCE -Wstrict-prototypes -Wredundant-decls -Wall -Wundef -Wwrite-strings -Wmissing-prototypes -fno-strict-aliasing -fstack-protector-all -Wendif-labels -Wmissing-include-dirs -Wempty-body -Wnested-externs -Wformat-security -Wformat-y2k -Winit-self -Wignored-qualifiers -Wold-style-declaration -Wold-style-definition -Wtype-limits -o /tmp/qemu-conf-6055-3863-1502.exe /tmp/qemu-conf-27347-3863-31809.c -g --sysroot=/home/nathan/android/adt/ndk/platforms/android-5/arch-arm -L/home/nathan/android/adt/ndk/platforms/android-5/arch-arm/usr/lib -lz -llog -lc -lm -L/home/nathan/SDL-1.2.15/Inst/lib -l:libSDL.a
/tmp/qemu-conf-27347-3863-31809.c: In function 'main':
/tmp/qemu-conf-27347-3863-31809.c:4:1: warning: implicit declaration of function 'fdatasync' [-Wimplicit-function-declaration]
 return fdatasync(0);
 ^
/tmp/qemu-conf-27347-3863-31809.c:4:1: warning: nested extern declaration of 'fdatasync' [-Wnested-externs]
/tmp/qemu-conf-27347-3863-31809.c:4: error: undefined reference to 'fdatasync'
collect2: error: ld returned 1 exit status
arm-linux-androideabi-gcc -D_FORTIFY_SOURCE=2 -D_GNU_SOURCE -D_FILE_OFFSET_BITS=64 -D_LARGEFILE_SOURCE -Wstrict-prototypes -Wredundant-decls -Wall -Wundef -Wwrite-strings -Wmissing-prototypes -fno-strict-aliasing -fstack-protector-all -Wendif-labels -Wmissing-include-dirs -Wempty-body -Wnested-externs -Wformat-security -Wformat-y2k -Winit-self -Wignored-qualifiers -Wold-style-declaration -Wold-style-definition -Wtype-limits -o /tmp/qemu-conf-6055-3863-1502.exe /tmp/qemu-conf-27347-3863-31809.c -g --sysroot=/home/nathan/android/adt/ndk/platforms/android-5/arch-arm -L/home/nathan/android/adt/ndk/platforms/android-5/arch-arm/usr/lib -lz -llog -lc -lm -L/home/nathan/SDL-1.2.15/Inst/lib -l:libSDL.a
arm-linux-androideabi-gcc -D_FORTIFY_SOURCE=2 -D_GNU_SOURCE -D_FILE_OFFSET_BITS=64 -D_LARGEFILE_SOURCE -Wstrict-prototypes -Wredundant-decls -Wall -Wundef -Wwrite-strings -Wmissing-prototypes -fno-strict-aliasing -fstack-protector-all -Wendif-labels -Wmissing-include-dirs -Wempty-body -Wnested-externs -Wformat-security -Wformat-y2k -Winit-self -Wignored-qualifiers -Wold-style-declaration -Wold-style-definition -Wtype-limits -o /tmp/qemu-conf-6055-3863-1502.exe /tmp/qemu-conf-27347-3863-31809.c -g --sysroot=/home/nathan/android/adt/ndk/platforms/android-5/arch-arm -L/home/nathan/android/adt/ndk/platforms/android-5/arch-arm/usr/lib -lz -llog -lc -lm -L/home/nathan/SDL-1.2.15/Inst/lib -l:libSDL.a
/tmp/qemu-conf-27347-3863-31809.c: In function 'main':
/tmp/qemu-conf-27347-3863-31809.c:3:1: warning: implicit declaration of function 'posix_madvise' [-Wimplicit-function-declaration]
 int main(void) { return posix_madvise(NULL, 0, POSIX_MADV_DONTNEED); }
 ^
/tmp/qemu-conf-27347-3863-31809.c:3:1: warning: nested extern declaration of 'posix_madvise' [-Wnested-externs]
/tmp/qemu-conf-27347-3863-31809.c:3:48: error: 'POSIX_MADV_DONTNEED' undeclared (first use in this function)
 int main(void) { return posix_madvise(NULL, 0, POSIX_MADV_DONTNEED); }
                                                ^
/tmp/qemu-conf-27347-3863-31809.c:3:48: note: each undeclared identifier is reported only once for each function it appears in
/tmp/qemu-conf-27347-3863-31809.c:3:1: warning: control reaches end of non-void function [-Wreturn-type]
 int main(void) { return posix_madvise(NULL, 0, POSIX_MADV_DONTNEED); }
 ^
